<?xml version="1.0" encoding="UTF-8"?>
<testsuite xmlns:xsi="http://www.w3.org/2001/XMLSchema-instance" xsi:noNamespaceSchemaLocation="https://maven.apache.org/surefire/maven-surefire-plugin/xsd/surefire-test-report.xsd" version="3.0.2" name="TestSuite" time="0.729" tests="9" errors="0" skipped="0" failures="0" flakes="0">
  <properties>
[...]
</properties>
  <testcase name="testAdopterAggregation" classname="AppTest" time="0.012">
    <system-err><![CDATA[SLF4J(W): No SLF4J providers were found.
SLF4J(W): Defaulting to no-operation (NOP) logger implementation
SLF4J(W): See https://www.slf4j.org/codes.html#noProviders for further details.
]]></system-err>
  </testcase>
  <testcase name="testDogBreed" classname="AppTest" time="0.0"/>
  <testcase name="testMedicalPassportId" classname="AppTest" time="0.005"/>
  <testcase name="testMultiplePetCreation[Шарік, P-102](1)" classname="AppTest" time="0.002"/>
  <testcase name="testMultiplePetCreation[Мурка, P-103](2)" classname="AppTest" time="0.0"/>
  <testcase name="testMultiplePetCreation[Бобик, P-104](3)" classname="AppTest" time="0.0"/>
  <testcase name="testPetCreation" classname="AppTest" time="0.0"/>
  <testcase name="testPetEquality" classname="AppTest" time="0.001"/>
  <testcase name="testSickPetHealthCheck" classname="AppTest" time="0.001"/>
</testsuite>