<?xml version="1.0" encoding="UTF-8"?>
<testsuite xmlns:xsi="http://www.w3.org/2001/XMLSchema-instance" xsi:noNamespaceSchemaLocation="https://maven.apache.org/surefire/maven-surefire-plugin/xsd/surefire-test-report-3.0.xsd" version="3.0" name="AppTest" time="0.125" tests="6" errors="0" skipped="0" failures="0">
  <properties>
[...]
</properties>
  <testcase name="testPetNegativeScenarios" classname="AppTest" time="0.051"/>
  <testcase name="testPetCreationAndToString" classname="AppTest" time="0.015"/>
  <testcase name="testCheckHealthOutput" classname="AppTest" time="0.003"/>
  <testcase name="testDogMethods" classname="AppTest" time="0.005"/>
  <testcase name="testPetEqualsAndHashCode" classname="AppTest" time="0.001"/>
  <testcase name="testAdopterAddPet" classname="AppTest" time="0.004"/>
</testsuite>