<?xml version="1.0" encoding="UTF-8"?>
<!-- Generated by org.testng.reporters.JUnitReportReporter -->
<testsuite hostname="Timyr" failures="0" tests="9" name="AppTest" time="0.035" errors="0" timestamp="2026-04-09T02:06:39 EEST" skipped="0">
  <testcase classname="AppTest" name="testMultiplePetCreation" time="0.001"/>
  <testcase classname="AppTest" name="testSickPetHealthCheck" time="0.000"/>
  <testcase classname="AppTest" name="testMultiplePetCreation" time="0.002"/>
  <testcase classname="AppTest" name="testDogBreed" time="0.001"/>
  <testcase classname="AppTest" name="testMultiplePetCreation" time="0.013"/>
  <testcase classname="AppTest" name="testAdopterAggregation" time="0.010"/>
  <testcase classname="AppTest" name="testMedicalPassportId" time="0.006"/>
  <testcase classname="AppTest" name="testPetEquality" time="0.001"/>
  <testcase classname="AppTest" name="testPetCreation" time="0.001"/>
</testsuite> <!-- AppTest -->
